<?xml version="1.0" encoding="UTF-8"?>
<robot generator="Robot 5.0.1 (Python 3.10.6 on win32)" generated="20220827 17:23:51.759" rpa="false" schemaversion="3">
<suite id="s1" name="Technical Test Tokopedia" source="E:\Try\Robot Framework\technical_test_tokopedia">
<suite id="s1-s1" name="Tests" source="E:\Try\Robot Framework\technical_test_tokopedia\Tests">
<suite id="s1-s1-s1" name="Process Order" source="E:\Try\Robot Framework\technical_test_tokopedia\Tests\process_order.robot">
<test id="s1-s1-s1-t1" name="Process Order with Empty Order ID" line="55">
<kw name="Get Current Unixtime" library="keywords">
<var>${current_unixtime}</var>
<kw name="Get Current Date" library="DateTime">
<var>${current_date}</var>
<doc>Returns current local or UTC time with an optional increment.</doc>
<msg timestamp="20220827 17:23:51.989" level="INFO">${current_date} = 2022-08-27 17:23:51.989</msg>
<status status="PASS" starttime="20220827 17:23:51.988" endtime="20220827 17:23:51.991"/>
</kw>
<kw name="Convert Date" library="DateTime">
<var>${current_unixtime}</var>
<arg>${current_date}</arg>
<arg>epoch</arg>
<doc>Converts between supported `date formats`.</doc>
<msg timestamp="20220827 17:23:51.994" level="INFO">${current_unixtime} = 1661595831.989</msg>
<status status="PASS" starttime="20220827 17:23:51.991" endtime="20220827 17:23:51.995"/>
</kw>
<kw name="Evaluate" library="BuiltIn">
<var>${current_unixtime}</var>
<arg>${current_unixtime} * 1000</arg>
<doc>Evaluates the given expression in Python and returns the result.</doc>
<msg timestamp="20220827 17:23:51.996" level="INFO">${current_unixtime} = 1661595831989.0</msg>
<status status="PASS" starttime="20220827 17:23:51.995" endtime="20220827 17:23:51.998"/>
</kw>
<kw name="Convert To Integer" library="BuiltIn">
<var>${current_unixtime}</var>
<arg>${current_unixtime}</arg>
<doc>Converts the given item to an integer number.</doc>
<msg timestamp="20220827 17:23:51.999" level="INFO">${current_unixtime} = 1661595831989</msg>
<status status="PASS" starttime="20220827 17:23:51.998" endtime="20220827 17:23:52.000"/>
</kw>
<kw name="Convert To String" library="BuiltIn">
<var>${str_current_unixtime}</var>
<arg>${current_unixtime}</arg>
<doc>Converts the given item to a Unicode string.</doc>
<msg timestamp="20220827 17:23:52.001" level="INFO">${str_current_unixtime} = 1661595831989</msg>
<status status="PASS" starttime="20220827 17:23:52.001" endtime="20220827 17:23:52.003"/>
</kw>
<msg timestamp="20220827 17:23:52.003" level="INFO">${current_unixtime} = 1661595831989</msg>
<status status="PASS" starttime="20220827 17:23:51.987" endtime="20220827 17:23:52.005"/>
</kw>
<kw name="Set Variable" library="BuiltIn">
<var>${empty_order_id}</var>
<doc>Returns the given values which can then be assigned to a variables.</doc>
<msg timestamp="20220827 17:23:52.006" level="INFO">${empty_order_id} = </msg>
<status status="PASS" starttime="20220827 17:23:52.006" endtime="20220827 17:23:52.007"/>
</kw>
<kw name="Process Order" library="keywords">
<var>${response}</var>
<arg>${url_empty_order_id}</arg>
<arg>${empty_order_id}</arg>
<arg>${order_desc}</arg>
<arg>${order_status}</arg>
<arg>${current_unixtime}</arg>
<arg>${special_order}</arg>
<kw name="Create Session" library="RequestsLibrary">
<arg>session</arg>
<arg>${base_url}</arg>
<doc>Create Session: create a HTTP session to a server</doc>
<msg timestamp="20220827 17:23:52.010" level="INFO">Creating Session using : alias=session, url=http://private-84097e-tokopediatest.apiary-mock.com/, headers={},                     cookies={}, auth=None, timeout=None, proxies=None, verify=False,                     debug=0 </msg>
<status status="PASS" starttime="20220827 17:23:52.009" endtime="20220827 17:23:52.012"/>
</kw>
<kw name="Create Dictionary" library="BuiltIn">
<var>${body_request}</var>
<arg>order_id=${order_id}</arg>
<arg>order_description=${order_description}</arg>
<arg>order_status=${order_status}</arg>
<arg>last_updated_timestamp=${last_updated_timestamp}</arg>
<arg>special_order=${special_order}</arg>
<doc>Creates and returns a dictionary based on the given ``items``.</doc>
<msg timestamp="20220827 17:23:52.013" level="INFO">${body_request} = {'order_id': '', 'order_description': 'Order Description', 'order_status': 'New', 'last_updated_timestamp': '1661595831989', 'special_order': 'true'}</msg>
<status status="PASS" starttime="20220827 17:23:52.012" endtime="20220827 17:23:52.015"/>
</kw>
<kw name="Create Dictionary" library="BuiltIn">
<var>${header_request}</var>
<arg>Content-Type=application/json</arg>
<doc>Creates and returns a dictionary based on the given ``items``.</doc>
<msg timestamp="20220827 17:23:52.016" level="INFO">${header_request} = {'Content-Type': 'application/json'}</msg>
<status status="PASS" starttime="20220827 17:23:52.015" endtime="20220827 17:23:52.017"/>
</kw>
<kw name="POST On Session" library="RequestsLibrary">
<var>${response}</var>
<arg>session</arg>
<arg>${uri}</arg>
<arg>json=${body_request}</arg>
<arg>headers=${header_request}</arg>
<doc>Sends a POST request on a previously created HTTP Session.</doc>
<msg timestamp="20220827 17:23:52.829" level="INFO">POST Request : url=http://private-84097e-tokopediatest.apiary-mock.com/processOrderB 
 path_url=/processOrderB 
 headers={'User-Agent': 'python-requests/2.28.1', 'Accept-Encoding': 'gzip, deflate', 'Accept': '*/*', 'Connection': 'keep-alive', 'Content-Type': 'application/json', 'Content-Length': '149'} 
 body=b'{"order_id": "", "order_description": "Order Description", "order_status": "New", "last_updated_timestamp": "1661595831989", "special_order": "true"}' 
 </msg>
<msg timestamp="20220827 17:23:52.830" level="INFO">POST Response : url=http://private-84097e-tokopediatest.apiary-mock.com/processOrderB 
 status=200, reason=OK 
 headers={'Content-Type': 'application/json', 'Content-Length': '86', 'X-Apiary-RateLimit-Limit': '120', 'X-Apiary-RateLimit-Remaining': '119', 'Access-Control-Allow-Origin': '*', 'Access-Control-Allow-Methods': 'OPTIONS,GET,HEAD,POST,PUT,DELETE,TRACE,CONNECT', 'Access-Control-Expose-Headers': 'Content-Type', 'Access-Control-Max-Age': '10', 'x-apiary-transaction-id': '6309f0bb5987e80074203f03', 'Date': 'Sat, 27 Aug 2022 10:23:55 GMT', 'Connection': 'keep-alive'} 
 body={
    "status":  "Failed",
    "error_message": "Invalid Parameters",
    "data": {}
} 
 </msg>
<msg timestamp="20220827 17:23:52.832" level="INFO">${response} = &lt;Response [200]&gt;</msg>
<status status="PASS" starttime="20220827 17:23:52.017" endtime="20220827 17:23:52.833"/>
</kw>
<msg timestamp="20220827 17:23:52.833" level="INFO">${response} = &lt;Response [200]&gt;</msg>
<status status="PASS" starttime="20220827 17:23:52.008" endtime="20220827 17:23:52.835"/>
</kw>
<kw name="Convert To String" library="BuiltIn">
<var>${str_response}</var>
<arg>${response.content}</arg>
<doc>Converts the given item to a Unicode string.</doc>
<msg timestamp="20220827 17:23:52.837" level="INFO">${str_response} = {
    "status":  "Failed",
    "error_message": "Invalid Parameters",
    "data": {}
}</msg>
<status status="PASS" starttime="20220827 17:23:52.835" endtime="20220827 17:23:52.838"/>
</kw>
<kw name="Evaluate" library="BuiltIn">
<var>${the data}</var>
<arg>json.loads('''${str_response}''')</arg>
<arg>json</arg>
<doc>Evaluates the given expression in Python and returns the result.</doc>
<msg timestamp="20220827 17:23:52.839" level="INFO">${the data} = {'status': 'Failed', 'error_message': 'Invalid Parameters', 'data': {}}</msg>
<status status="PASS" starttime="20220827 17:23:52.838" endtime="20220827 17:23:52.842"/>
</kw>
<kw name="Convert To String" library="BuiltIn">
<var>${resp_msg_status}</var>
<arg>${the data['status']}</arg>
<doc>Converts the given item to a Unicode string.</doc>
<msg timestamp="20220827 17:23:52.844" level="INFO">${resp_msg_status} = Failed</msg>
<status status="PASS" starttime="20220827 17:23:52.842" endtime="20220827 17:23:52.847"/>
</kw>
<kw name="Convert To String" library="BuiltIn">
<var>${resp_msg_error}</var>
<arg>${the data['error_message']}</arg>
<doc>Converts the given item to a Unicode string.</doc>
<msg timestamp="20220827 17:23:52.849" level="INFO">${resp_msg_error} = Invalid Parameters</msg>
<status status="PASS" starttime="20220827 17:23:52.847" endtime="20220827 17:23:52.850"/>
</kw>
<kw name="Should Be Equal As Integers" library="BuiltIn">
<arg>200</arg>
<arg>${response.status_code}</arg>
<doc>Fails if objects are unequal after converting them to integers.</doc>
<msg timestamp="20220827 17:23:52.852" level="INFO">Argument types are:
&lt;class 'str'&gt;
&lt;class 'int'&gt;</msg>
<status status="PASS" starttime="20220827 17:23:52.851" endtime="20220827 17:23:52.855"/>
</kw>
<kw name="Should Be Equal" library="BuiltIn">
<arg>Failed</arg>
<arg>${resp_msg_status}</arg>
<doc>Fails if the given objects are unequal.</doc>
<status status="PASS" starttime="20220827 17:23:52.856" endtime="20220827 17:23:52.857"/>
</kw>
<kw name="Should Be Equal" library="BuiltIn">
<arg>Invalid Parameters</arg>
<arg>${resp_msg_error}</arg>
<doc>Fails if the given objects are unequal.</doc>
<status status="PASS" starttime="20220827 17:23:52.859" endtime="20220827 17:23:52.860"/>
</kw>
<doc>Test case untuk validasi API Proses Order ketika parameter wajib dikosongkan. Catatan : Parameter yang diwajibkan di testing ini adalah order_id</doc>
<status status="PASS" starttime="20220827 17:23:51.972" endtime="20220827 17:23:52.860"/>
</test>
<status status="PASS" starttime="20220827 17:23:51.794" endtime="20220827 17:23:52.862"/>
</suite>
<status status="PASS" starttime="20220827 17:23:51.789" endtime="20220827 17:23:52.866"/>
</suite>
<status status="PASS" starttime="20220827 17:23:51.764" endtime="20220827 17:23:52.869"/>
</suite>
<statistics>
<total>
<stat pass="1" fail="0" skip="0">All Tests</stat>
</total>
<tag>
</tag>
<suite>
<stat pass="1" fail="0" skip="0" id="s1" name="Technical Test Tokopedia">Technical Test Tokopedia</stat>
<stat pass="1" fail="0" skip="0" id="s1-s1" name="Tests">Technical Test Tokopedia.Tests</stat>
<stat pass="1" fail="0" skip="0" id="s1-s1-s1" name="Process Order">Technical Test Tokopedia.Tests.Process Order</stat>
</suite>
</statistics>
<errors>
</errors>
</robot>
